#! /usr/local/bin/vvp
:ivl_version "12.0 (stable)" "(v12_0)";
:ivl_delay_selection "TYPICAL";
:vpi_time_precision + 0;
:vpi_module "/usr/local/lib/ivl/system.vpi";
:vpi_module "/usr/local/lib/ivl/vhdl_sys.vpi";
:vpi_module "/usr/local/lib/ivl/vhdl_textio.vpi";
:vpi_module "/usr/local/lib/ivl/v2005_math.vpi";
:vpi_module "/usr/local/lib/ivl/va_math.vpi";
S_0x55e7c2d34ef0 .scope module, "axi4_mem" "axi4_mem" 2 1;
 .timescale 0 0;
    .port_info 0 /INPUT 1 "clock";
    .port_info 1 /INPUT 1 "rst_n";
    .port_info 2 /OUTPUT 1 "io_slave_awready";
    .port_info 3 /INPUT 1 "io_slave_awvalid";
    .port_info 4 /INPUT 32 "io_slave_awaddr";
    .port_info 5 /INPUT 4 "io_slave_awid";
    .port_info 6 /INPUT 8 "io_slave_awlen";
    .port_info 7 /INPUT 3 "io_slave_awsize";
    .port_info 8 /INPUT 2 "io_slave_awburst";
    .port_info 9 /OUTPUT 1 "io_slave_wready";
    .port_info 10 /INPUT 1 "io_slave_wvalid";
    .port_info 11 /INPUT 64 "io_slave_wdata";
    .port_info 12 /INPUT 8 "io_slave_wstrb";
    .port_info 13 /INPUT 1 "io_slave_wlast";
    .port_info 14 /INPUT 1 "io_slave_bready";
    .port_info 15 /OUTPUT 1 "io_slave_bvalid";
    .port_info 16 /OUTPUT 2 "io_slave_bresp";
    .port_info 17 /OUTPUT 4 "io_slave_bid";
    .port_info 18 /OUTPUT 1 "io_slave_arready";
    .port_info 19 /INPUT 1 "io_slave_arvalid";
    .port_info 20 /INPUT 32 "io_slave_araddr";
    .port_info 21 /INPUT 4 "io_slave_arid";
    .port_info 22 /INPUT 8 "io_slave_arlen";
    .port_info 23 /INPUT 3 "io_slave_arsize";
    .port_info 24 /INPUT 2 "io_slave_arburst";
    .port_info 25 /INPUT 1 "io_slave_rready";
    .port_info 26 /OUTPUT 1 "io_slave_rvalid";
    .port_info 27 /OUTPUT 2 "io_slave_rresp";
    .port_info 28 /OUTPUT 64 "io_slave_rdata";
    .port_info 29 /OUTPUT 1 "io_slave_rlast";
    .port_info 30 /OUTPUT 4 "io_slave_rid";
o0x7fe836876018 .functor BUFZ 1, C4<z>; HiZ drive
v0x55e7c2d0c080_0 .net "clock", 0 0, o0x7fe836876018;  0 drivers
v0x55e7c2d628b0_0 .var "cnt", 8 0;
o0x7fe836876078 .functor BUFZ 32, C4<zzzzzzzzzzzzzzzzzzzzzzzzzzzzzzzz>; HiZ drive
v0x55e7c2d62990_0 .net "io_slave_araddr", 31 0, o0x7fe836876078;  0 drivers
o0x7fe8368760a8 .functor BUFZ 2, C4<zz>; HiZ drive
v0x55e7c2d62a50_0 .net "io_slave_arburst", 1 0, o0x7fe8368760a8;  0 drivers
o0x7fe8368760d8 .functor BUFZ 4, C4<zzzz>; HiZ drive
v0x55e7c2d62b30_0 .net "io_slave_arid", 3 0, o0x7fe8368760d8;  0 drivers
o0x7fe836876108 .functor BUFZ 8, C4<zzzzzzzz>; HiZ drive
v0x55e7c2d62c60_0 .net "io_slave_arlen", 7 0, o0x7fe836876108;  0 drivers
L_0x7fe83682d018 .functor BUFT 1, C4<1>, C4<0>, C4<0>, C4<0>;
v0x55e7c2d62d40_0 .net "io_slave_arready", 0 0, L_0x7fe83682d018;  1 drivers
o0x7fe836876168 .functor BUFZ 3, C4<zzz>; HiZ drive
v0x55e7c2d62e00_0 .net "io_slave_arsize", 2 0, o0x7fe836876168;  0 drivers
o0x7fe836876198 .functor BUFZ 1, C4<z>; HiZ drive
v0x55e7c2d62ee0_0 .net "io_slave_arvalid", 0 0, o0x7fe836876198;  0 drivers
o0x7fe8368761c8 .functor BUFZ 32, C4<zzzzzzzzzzzzzzzzzzzzzzzzzzzzzzzz>; HiZ drive
v0x55e7c2d62fa0_0 .net "io_slave_awaddr", 31 0, o0x7fe8368761c8;  0 drivers
o0x7fe8368761f8 .functor BUFZ 2, C4<zz>; HiZ drive
v0x55e7c2d63080_0 .net "io_slave_awburst", 1 0, o0x7fe8368761f8;  0 drivers
o0x7fe836876228 .functor BUFZ 4, C4<zzzz>; HiZ drive
v0x55e7c2d63160_0 .net "io_slave_awid", 3 0, o0x7fe836876228;  0 drivers
o0x7fe836876258 .functor BUFZ 8, C4<zzzzzzzz>; HiZ drive
v0x55e7c2d63240_0 .net "io_slave_awlen", 7 0, o0x7fe836876258;  0 drivers
o0x7fe836876288 .functor BUFZ 1, C4<z>; HiZ drive
v0x55e7c2d63320_0 .net "io_slave_awready", 0 0, o0x7fe836876288;  0 drivers
o0x7fe8368762b8 .functor BUFZ 3, C4<zzz>; HiZ drive
v0x55e7c2d633e0_0 .net "io_slave_awsize", 2 0, o0x7fe8368762b8;  0 drivers
o0x7fe8368762e8 .functor BUFZ 1, C4<z>; HiZ drive
v0x55e7c2d634c0_0 .net "io_slave_awvalid", 0 0, o0x7fe8368762e8;  0 drivers
o0x7fe836876318 .functor BUFZ 4, C4<zzzz>; HiZ drive
v0x55e7c2d63580_0 .net "io_slave_bid", 3 0, o0x7fe836876318;  0 drivers
o0x7fe836876348 .functor BUFZ 1, C4<z>; HiZ drive
v0x55e7c2d63660_0 .net "io_slave_bready", 0 0, o0x7fe836876348;  0 drivers
o0x7fe836876378 .functor BUFZ 2, C4<zz>; HiZ drive
v0x55e7c2d63720_0 .net "io_slave_bresp", 1 0, o0x7fe836876378;  0 drivers
o0x7fe8368763a8 .functor BUFZ 1, C4<z>; HiZ drive
v0x55e7c2d63800_0 .net "io_slave_bvalid", 0 0, o0x7fe8368763a8;  0 drivers
L_0x7fe83682d0f0 .functor BUFT 1, C4<0000000000000000000000000000000000000000000000000000010000010011>, C4<0>, C4<0>, C4<0>;
v0x55e7c2d638c0_0 .net "io_slave_rdata", 63 0, L_0x7fe83682d0f0;  1 drivers
L_0x7fe83682d180 .functor BUFT 1, C4<0000>, C4<0>, C4<0>, C4<0>;
v0x55e7c2d639a0_0 .net "io_slave_rid", 3 0, L_0x7fe83682d180;  1 drivers
L_0x7fe83682d138 .functor BUFT 1, C4<1>, C4<0>, C4<0>, C4<0>;
v0x55e7c2d63a80_0 .net "io_slave_rlast", 0 0, L_0x7fe83682d138;  1 drivers
o0x7fe836876468 .functor BUFZ 1, C4<z>; HiZ drive
v0x55e7c2d63b40_0 .net "io_slave_rready", 0 0, o0x7fe836876468;  0 drivers
L_0x7fe83682d0a8 .functor BUFT 1, C4<01>, C4<0>, C4<0>, C4<0>;
v0x55e7c2d63c00_0 .net "io_slave_rresp", 1 0, L_0x7fe83682d0a8;  1 drivers
L_0x7fe83682d060 .functor BUFT 1, C4<1>, C4<0>, C4<0>, C4<0>;
v0x55e7c2d63ce0_0 .net "io_slave_rvalid", 0 0, L_0x7fe83682d060;  1 drivers
o0x7fe8368764f8 .functor BUFZ 64, C4<zzzzzzzzzzzzzzzzzzzzzzzzzzzzzzzzzzzzzzzzzzzzzzzzzzzzzzzzzzzzzzzz>; HiZ drive
v0x55e7c2d63da0_0 .net "io_slave_wdata", 63 0, o0x7fe8368764f8;  0 drivers
o0x7fe836876528 .functor BUFZ 1, C4<z>; HiZ drive
v0x55e7c2d63e80_0 .net "io_slave_wlast", 0 0, o0x7fe836876528;  0 drivers
o0x7fe836876558 .functor BUFZ 1, C4<z>; HiZ drive
v0x55e7c2d63f40_0 .net "io_slave_wready", 0 0, o0x7fe836876558;  0 drivers
o0x7fe836876588 .functor BUFZ 8, C4<zzzzzzzz>; HiZ drive
v0x55e7c2d64000_0 .net "io_slave_wstrb", 7 0, o0x7fe836876588;  0 drivers
o0x7fe8368765b8 .functor BUFZ 1, C4<z>; HiZ drive
v0x55e7c2d640e0_0 .net "io_slave_wvalid", 0 0, o0x7fe8368765b8;  0 drivers
v0x55e7c2d641a0 .array "mem", 2000 0, 7 0;
o0x7fe8368765e8 .functor BUFZ 1, C4<z>; HiZ drive
v0x55e7c2d64260_0 .net "rst_n", 0 0, o0x7fe8368765e8;  0 drivers
E_0x55e7c2d457d0/0 .event negedge, v0x55e7c2d64260_0;
E_0x55e7c2d457d0/1 .event posedge, v0x55e7c2d0c080_0;
E_0x55e7c2d457d0 .event/or E_0x55e7c2d457d0/0, E_0x55e7c2d457d0/1;
    .scope S_0x55e7c2d34ef0;
T_0 ;
    %vpi_call 2 38 "$readmemh", "init_ram.mem", v0x55e7c2d641a0 {0 0 0};
    %end;
    .thread T_0;
    .scope S_0x55e7c2d34ef0;
T_1 ;
    %wait E_0x55e7c2d457d0;
    %load/vec4 v0x55e7c2d64260_0;
    %nor/r;
    %flag_set/vec4 8;
    %jmp/0xz  T_1.0, 8;
    %pushi/vec4 0, 0, 9;
    %assign/vec4 v0x55e7c2d628b0_0, 0;
    %jmp T_1.1;
T_1.0 ;
    %load/vec4 v0x55e7c2d628b0_0;
    %pad/u 32;
    %cmpi/u 200, 0, 32;
    %flag_or 5, 4;
    %jmp/0xz  T_1.2, 5;
    %load/vec4 v0x55e7c2d628b0_0;
    %pad/u 12;
    %ix/vec4 4;
    %load/vec4a v0x55e7c2d641a0, 4;
    %vpi_call 2 45 "$display", "mem[%0d]: %h", v0x55e7c2d628b0_0, S<0,vec4,u8> {1 0 0};
    %load/vec4 v0x55e7c2d628b0_0;
    %pad/u 32;
    %addi 1, 0, 32;
    %pushi/vec4 4, 0, 32;
    %mod;
    %cmpi/e 0, 0, 32;
    %flag_get/vec4 4;
    %jmp/0 T_1.6, 4;
    %pushi/vec4 0, 0, 32;
    %load/vec4 v0x55e7c2d628b0_0;
    %pad/u 32;
    %cmp/u;
    %flag_get/vec4 5;
    %and;
T_1.6;
    %flag_set/vec4 8;
    %jmp/0xz  T_1.4, 8;
    %pushi/vec4 805306368, 0, 33;
    %load/vec4 v0x55e7c2d628b0_0;
    %pad/u 33;
    %subi 3, 0, 33;
    %add;
    %load/vec4 v0x55e7c2d628b0_0;
    %pad/u 12;
    %ix/vec4 4;
    %load/vec4a v0x55e7c2d641a0, 4;
    %load/vec4 v0x55e7c2d628b0_0;
    %pad/u 32;
    %subi 1, 0, 32;
    %ix/vec4 4;
    %load/vec4a v0x55e7c2d641a0, 4;
    %concat/vec4; draw_concat_vec4
    %load/vec4 v0x55e7c2d628b0_0;
    %pad/u 32;
    %subi 2, 0, 32;
    %ix/vec4 4;
    %load/vec4a v0x55e7c2d641a0, 4;
    %concat/vec4; draw_concat_vec4
    %load/vec4 v0x55e7c2d628b0_0;
    %pad/u 32;
    %subi 3, 0, 32;
    %ix/vec4 4;
    %load/vec4a v0x55e7c2d641a0, 4;
    %concat/vec4; draw_concat_vec4
    %vpi_call 2 47 "$display", "addr: %h inst: %h", S<1,vec4,u33>, S<0,vec4,u32> {2 0 0};
T_1.4 ;
    %load/vec4 v0x55e7c2d628b0_0;
    %addi 1, 0, 9;
    %assign/vec4 v0x55e7c2d628b0_0, 0;
T_1.2 ;
T_1.1 ;
    %jmp T_1;
    .thread T_1;
# The file index is used to find the file name in the following table.
:file_names 3;
    "N/A";
    "<interactive>";
    "/home/zpn/Pro/test/iverilog-soc/ram/axi4_mem.v";
